<?xml version="1.0" encoding="UTF-8"?>
<testng-results ignored="0" total="2" passed="2" failed="0" skipped="0">
  <reporter-output>
    <line>
      <![CDATA[Facebook – log in or sign up]]>
    </line>
    <line>
      <![CDATA[https://www.facebook.com/]]>
    </line>
    <line>
      <![CDATA[Forgotten Password | Can't Log In | Facebook]]>
    </line>
    <line>
      <![CDATA[https://www.facebook.com/login/identify/?ctx=recover&ars=facebook_login&from_login_screen=0]]>
    </line>
  </reporter-output>
  <suite started-at="2022-08-20T12:46:10 IST" name="Suite" finished-at="2022-08-20T12:47:23 IST" duration-ms="73541">
    <groups>
    </groups>
    <test started-at="2022-08-20T12:46:10 IST" name="Test" finished-at="2022-08-20T12:47:23 IST" duration-ms="73541">
      <class name="TestNG.Testcase2">
        <test-method is-config="true" signature="openapp()[pri:0, instance:TestNG.Testcase2@3232a28a]" started-at="2022-08-20T12:47:10 IST" name="openapp" finished-at="2022-08-20T12:47:19 IST" duration-ms="9622" status="PASS">
          <reporter-output>
          </reporter-output>
        </test-method> <!-- openapp -->
        <test-method signature="tc2()[pri:0, instance:TestNG.Testcase2@3232a28a]" started-at="2022-08-20T12:47:19 IST" name="tc2" finished-at="2022-08-20T12:47:23 IST" duration-ms="3931" status="PASS">
          <reporter-output>
            <line>
              <![CDATA[Forgotten Password | Can't Log In | Facebook]]>
            </line>
            <line>
              <![CDATA[https://www.facebook.com/login/identify/?ctx=recover&ars=facebook_login&from_login_screen=0]]>
            </line>
          </reporter-output>
        </test-method> <!-- tc2 -->
        <test-method is-config="true" signature="closeapp()[pri:0, instance:TestNG.Testcase2@3232a28a]" started-at="2022-08-20T12:47:23 IST" name="closeapp" finished-at="2022-08-20T12:47:23 IST" duration-ms="299" status="PASS">
          <reporter-output>
          </reporter-output>
        </test-method> <!-- closeapp -->
      </class> <!-- TestNG.Testcase2 -->
      <class name="TestNG.Testcase1">
        <test-method is-config="true" signature="openApp()[pri:0, instance:TestNG.Testcase1@193f604a]" started-at="2022-08-20T12:46:10 IST" name="openApp" finished-at="2022-08-20T12:46:37 IST" duration-ms="27390" status="PASS">
          <reporter-output>
          </reporter-output>
        </test-method> <!-- openApp -->
        <test-method signature="tc1()[pri:0, instance:TestNG.Testcase1@193f604a]" started-at="2022-08-20T12:46:37 IST" name="tc1" finished-at="2022-08-20T12:47:07 IST" duration-ms="30043" status="PASS">
          <reporter-output>
            <line>
              <![CDATA[Facebook – log in or sign up]]>
            </line>
            <line>
              <![CDATA[https://www.facebook.com/]]>
            </line>
          </reporter-output>
        </test-method> <!-- tc1 -->
        <test-method is-config="true" signature="closeApp()[pri:0, instance:TestNG.Testcase1@193f604a]" started-at="2022-08-20T12:47:07 IST" name="closeApp" finished-at="2022-08-20T12:47:10 IST" duration-ms="2158" status="PASS">
          <reporter-output>
          </reporter-output>
        </test-method> <!-- closeApp -->
      </class> <!-- TestNG.Testcase1 -->
    </test> <!-- Test -->
  </suite> <!-- Suite -->
</testng-results>
